<?xml version="1.0" encoding="UTF-8"?>
<!-- Generated by org.testng.reporters.JUnitXMLReporter -->
<testsuite ignored="0" hostname="DESKTOP-CRR22JH" failures="1" tests="1" name="chrometest" time="28.301" errors="0" timestamp="2024-09-27T15:24:58 IST">
  <testcase classname="testCases.TC004_AccountCreationPageTest" name="verifyCreateAccountPageTest" time="8.734">
    <failure type="java.lang.AssertionError" message="Exception occured: Error communicating with the remote browser. It may have died.
Build info: version: &amp;apos;4.25.0&amp;apos;, revision: &amp;apos;8a8aea2337&amp;apos;
System info: os.name: &amp;apos;Windows 10&amp;apos;, os.arch: &amp;apos;amd64&amp;apos;, os.version: &amp;apos;10.0&amp;apos;, java.version: &amp;apos;22.0.1&amp;apos;
Driver info: org.openqa.selenium.edge.EdgeDriver
Command: [b7bdcd1e62885d297d431d0a46196fb9, sendKeysToElement [id, value]]
Capabilities {acceptInsecureCerts: false, browserName: MicrosoftEdge, browserVersion: 129.0.2792.52, fedcm:accounts: true, ms:edgeOptions: {debuggerAddress: localhost:50105}, msedge: {msedgedriverVersion: 129.0.2792.52 (6462e8fc16ec..., userDataDir: C:\Users\deepa\AppData\Loca...}, networkConnectionEnabled: false, pageLoadStrategy: normal, platformName: windows, proxy: Proxy(), se:cdp: ws://localhost:50105/devtoo..., se:cdpVersion: 129.0.2792.52, setWindowRect: true, strictFileInteractability: false, timeouts: {implicit: 0, pageLoad: 300000, script: 30000}, unhandledPromptBehavior: dismiss and notify, webauthn:extension:credBlob: true, webauthn:extension:largeBlob: true, webauthn:extension:minPinLength: true, webauthn:extension:prf: true, webauthn:virtualAuthenticators: true}
Element: [[EdgeDriver: MicrosoftEdge on windows (b7bdcd1e62885d297d431d0a46196fb9)] -&amp;gt; xpath: //input[@id=&amp;apos;email_create&amp;apos;]]
Session ID: b7bdcd1e62885d297d431d0a46196fb9">
      <![CDATA[java.lang.AssertionError: Exception occured: Error communicating with the remote browser. It may have died.
Build info: version: '4.25.0', revision: '8a8aea2337'
System info: os.name: 'Windows 10', os.arch: 'amd64', os.version: '10.0', java.version: '22.0.1'
Driver info: org.openqa.selenium.edge.EdgeDriver
Command: [b7bdcd1e62885d297d431d0a46196fb9, sendKeysToElement [id, value]]
Capabilities {acceptInsecureCerts: false, browserName: MicrosoftEdge, browserVersion: 129.0.2792.52, fedcm:accounts: true, ms:edgeOptions: {debuggerAddress: localhost:50105}, msedge: {msedgedriverVersion: 129.0.2792.52 (6462e8fc16ec..., userDataDir: C:\Users\deepa\AppData\Loca...}, networkConnectionEnabled: false, pageLoadStrategy: normal, platformName: windows, proxy: Proxy(), se:cdp: ws://localhost:50105/devtoo..., se:cdpVersion: 129.0.2792.52, setWindowRect: true, strictFileInteractability: false, timeouts: {implicit: 0, pageLoad: 300000, script: 30000}, unhandledPromptBehavior: dismiss and notify, webauthn:extension:credBlob: true, webauthn:extension:largeBlob: true, webauthn:extension:minPinLength: true, webauthn:extension:prf: true, webauthn:virtualAuthenticators: true}
Element: [[EdgeDriver: MicrosoftEdge on windows (b7bdcd1e62885d297d431d0a46196fb9)] -> xpath: //input[@id='email_create']]
Session ID: b7bdcd1e62885d297d431d0a46196fb9
at testCases.TC004_AccountCreationPageTest.verifyCreateAccountPageTest(TC004_AccountCreationPageTest.java:51)
at java.base/java.util.ArrayList.forEach(ArrayList.java:1597)
at java.base/java.util.concurrent.FutureTask.run(FutureTask.java:317)
at java.base/java.util.concurrent.ThreadPoolExecutor.runWorker(ThreadPoolExecutor.java:1144)
at java.base/java.util.concurrent.ThreadPoolExecutor$Worker.run(ThreadPoolExecutor.java:642)
at java.base/java.lang.Thread.run(Thread.java:1570)
... Removed 16 stack frames]]>
    </failure>
  </testcase> <!-- verifyCreateAccountPageTest -->
</testsuite> <!-- chrometest -->
